<?xml version="1.0" encoding="UTF-8"?>
<!-- Generated by org.testng.reporters.JUnitReportReporter -->
<testsuite skipped="0" hostname="CHINNI-PC" name="com.crm.qa.testcases.HomePageTest" tests="4" failures="0" timestamp="31 Jul 2018 06:16:29 GMT" time="156.593" errors="0">
  <testcase name="validateHomePageTitleTest" time="40.726" classname="com.crm.qa.testcases.HomePageTest"/>
  <testcase name="validateUserDisplayTest" time="32.699" classname="com.crm.qa.testcases.HomePageTest"/>
  <testcase name="clickContactsLinkTest" time="39.434" classname="com.crm.qa.testcases.HomePageTest"/>
  <testcase name="clickDealsLinkTest" time="43.734" classname="com.crm.qa.testcases.HomePageTest"/>
</testsuite> <!-- com.crm.qa.testcases.HomePageTest -->
