<?xml version="1.0" encoding="UTF-8"?>
<!-- Generated by org.testng.reporters.JUnitReportReporter -->
<testsuite skipped="0" hostname="CHINNI-PC" name="com.crm.qa.testcases.HomePageTest" tests="4" failures="0" timestamp="01 Aug 2018 07:06:27 GMT" time="118.820" errors="0">
  <testcase name="validateHomePageTitleTest" time="30.020" classname="com.crm.qa.testcases.HomePageTest"/>
  <testcase name="validateUserDisplayTest" time="23.108" classname="com.crm.qa.testcases.HomePageTest"/>
  <testcase name="clickContactsLinkTest" time="32.773" classname="com.crm.qa.testcases.HomePageTest"/>
  <testcase name="clickDealsLinkTest" time="32.919" classname="com.crm.qa.testcases.HomePageTest"/>
</testsuite> <!-- com.crm.qa.testcases.HomePageTest -->
